<?xml version="1.0" encoding="UTF-8"?>
<!-- Generated by org.testng.reporters.JUnitXMLReporter -->
<testsuite ignored="1" hostname="PaviMouli" failures="0" tests="1" name="Default test" time="4.478" errors="0" timestamp="2025-09-16T09:00:50 IST">
  <testcase classname="pagescrolldownandscrollup.ScrolldownandScrollup" name="scrolldown" time="2.208"/>
  <testcase classname="pagescrolldownandscrollup.ScrolldownandScrollup" name="IndentifyLoacatorElement" time="0.0">
    <ignored/>
  </testcase> <!-- IndentifyLoacatorElement -->
</testsuite> <!-- Default test -->
