<?xml version="1.0" encoding="UTF-8"?>
<!-- Generated by org.testng.reporters.JUnitXMLReporter -->
<testsuite ignored="0" hostname="PaviMouli" failures="0" tests="8" name="Chrome Browser Test Cases Scripts" time="33.311" errors="0" timestamp="2025-09-11T21:49:59 IST">
  <testcase classname="testngframework.L_CrossBrowserTesting" name="facebook" time="2.932"/>
  <testcase classname="testngframework.L_CrossBrowserTesting" name="googleSelenium" time="4.785"/>
  <testcase classname="testngframework.L_CrossBrowserTesting" name="googlesearch" time="3.31"/>
  <testcase classname="testngframework.L_CrossBrowserTesting" name="googletechlearn" time="2.764"/>
  <testcase classname="testngframework.L_CrossBrowserTesting" name="googletest" time="3.569"/>
  <testcase classname="testngframework.L_CrossBrowserTesting" name="googletestBeng" time="3.64"/>
  <testcase classname="testngframework.L_CrossBrowserTesting" name="selenium" time="4.316"/>
  <testcase classname="testngframework.L_CrossBrowserTesting" name="techlearnlogin" time="5.767"/>
</testsuite> <!-- Chrome Browser Test Cases Scripts -->
