<?xml version="1.0" encoding="UTF-8"?>
<!-- Generated by org.testng.reporters.JUnitXMLReporter -->
<testsuite ignored="0" hostname="PaviMouli" failures="0" tests="8" name="Firefox Browser Test Cases" time="33.721" errors="0" timestamp="2025-09-11T21:50:33 IST">
  <testcase classname="testngframework.L_CrossBrowserTesting" name="facebook" time="3.215"/>
  <testcase classname="testngframework.L_CrossBrowserTesting" name="googleSelenium" time="4.836"/>
  <testcase classname="testngframework.L_CrossBrowserTesting" name="googlesearch" time="2.807"/>
  <testcase classname="testngframework.L_CrossBrowserTesting" name="googletechlearn" time="2.645"/>
  <testcase classname="testngframework.L_CrossBrowserTesting" name="googletest" time="2.619"/>
  <testcase classname="testngframework.L_CrossBrowserTesting" name="googletestBeng" time="2.517"/>
  <testcase classname="testngframework.L_CrossBrowserTesting" name="selenium" time="7.918"/>
  <testcase classname="testngframework.L_CrossBrowserTesting" name="techlearnlogin" time="3.233"/>
</testsuite> <!-- Firefox Browser Test Cases -->
