<?xml version="1.0" encoding="UTF-8"?>
<!-- Generated by org.testng.reporters.JUnitXMLReporter -->
<testsuite ignored="10" hostname="PaviMouli" failures="0" tests="3" name="Test" time="48.36" errors="0" timestamp="2025-08-31T22:14:08 IST">
  <testcase classname="testngframework.J_TestCases_Execution_XML_Group" name="redmine" time="0.736"/>
  <testcase classname="testngframework.J_TestCases_Execution_XML_Group" name="selenium" time="22.121"/>
  <testcase classname="testngframework.J_TestCases_Execution_XML_Group" name="techlearn" time="22.761"/>
  <testcase classname="testngframework.J_TestCases_Execution_XML_Group" name="swiggy" time="0.0">
    <ignored/>
  </testcase> <!-- swiggy -->
  <testcase classname="testngframework.J_TestCases_Execution_XML_Group" name="gmail" time="0.0">
    <ignored/>
  </testcase> <!-- gmail -->
  <testcase classname="testngframework.J_TestCases_Execution_XML_Group" name="seleniumlearn" time="0.0">
    <ignored/>
  </testcase> <!-- seleniumlearn -->
  <testcase classname="testngframework.J_TestCases_Execution_XML_Group" name="zomato" time="0.0">
    <ignored/>
  </testcase> <!-- zomato -->
  <testcase classname="testngframework.J_TestCases_Execution_XML_Group" name="grok" time="0.0">
    <ignored/>
  </testcase> <!-- grok -->
  <testcase classname="testngframework.J_TestCases_Execution_XML_Group" name="chatgpt" time="0.0">
    <ignored/>
  </testcase> <!-- chatgpt -->
  <testcase classname="testngframework.J_TestCases_Execution_XML_Group" name="facebook" time="0.0">
    <ignored/>
  </testcase> <!-- facebook -->
  <testcase classname="testngframework.J_TestCases_Execution_XML_Group" name="deepseek" time="0.0">
    <ignored/>
  </testcase> <!-- deepseek -->
  <testcase classname="testngframework.J_TestCases_Execution_XML_Group" name="twitter" time="0.0">
    <ignored/>
  </testcase> <!-- twitter -->
  <testcase classname="testngframework.J_TestCases_Execution_XML_Group" name="google" time="0.0">
    <ignored/>
  </testcase> <!-- google -->
</testsuite> <!-- Test -->
