<?xml version="1.0" encoding="UTF-8"?>
<testng-results ignored="1" total="2" passed="1" failed="0" skipped="0">
  <reporter-output>
  </reporter-output>
  <suite started-at="2025-09-16T09:00:45 IST" name="Default suite" finished-at="2025-09-16T09:00:50 IST" duration-ms="4478">
    <groups>
    </groups>
    <test started-at="2025-09-16T09:00:45 IST" name="Default test" finished-at="2025-09-16T09:00:50 IST" duration-ms="4478">
      <class name="pagescrolldownandscrollup.ScrolldownandScrollup">
        <test-method is-config="true" signature="beforeTest()[pri:0, instance:pagescrolldownandscrollup.ScrolldownandScrollup@1ff4931d]" started-at="2025-09-16T09:00:45 IST" name="beforeTest" finished-at="2025-09-16T09:00:47 IST" duration-ms="2195" status="PASS">
          <reporter-output>
          </reporter-output>
        </test-method> <!-- beforeTest -->
        <test-method signature="scrolldown()[pri:0, instance:pagescrolldownandscrollup.ScrolldownandScrollup@1ff4931d]" started-at="2025-09-16T09:00:47 IST" name="scrolldown" finished-at="2025-09-16T09:00:50 IST" duration-ms="2208" status="PASS">
          <reporter-output>
          </reporter-output>
        </test-method> <!-- scrolldown -->
      </class> <!-- pagescrolldownandscrollup.ScrolldownandScrollup -->
    </test> <!-- Default test -->
  </suite> <!-- Default suite -->
</testng-results>
